app/build/intermediates/manifest_merge_blame_file/debug/manifest-merger-blame-debug-report.txt
1<?xml version="1.0" encoding="utf-8"?>
2<manifest xmlns:android="http://schemas.android.com/apk/res/android"
3    package="com.exp.sign"
4    android:versionCode="1"
5    android:versionName="1.0" >
6
7    <uses-sdk
8        android:minSdkVersion="19"
8-->src/main/AndroidManifest.xml
9        android:targetSdkVersion="22" />
9-->src/main/AndroidManifest.xml
10
11    <uses-permission android:name="android.permission.INTERNET" />
11-->src/main/AndroidManifest.xml:6:5-67
11-->src/main/AndroidManifest.xml:6:22-64
12    <uses-permission android:name="android.permission.ACCESS_NETWORK_STATE" />
12-->src/main/AndroidManifest.xml:7:5-79
12-->src/main/AndroidManifest.xml:7:22-76
13    <uses-permission android:name="android.permission.CAMERA" />
13-->src/main/AndroidManifest.xml:8:5-65
13-->src/main/AndroidManifest.xml:8:22-62
14
15    <!-- 在SDCard中创建与删除文件权限 -->
16    <uses-permission android:name="android.permission.MOUNT_UNMOUNT_FILESYSTEMS" /> <!-- 往SDCard写入数据权限 -->
16-->[com.lzy.widget:imagepicker:0.6.1] AndroidManifest.xml:12:5-84
16-->[com.lzy.widget:imagepicker:0.6.1] AndroidManifest.xml:12:22-81
17    <uses-permission android:name="android.permission.WRITE_EXTERNAL_STORAGE" /> <!-- 从SDCard读取数据权限 -->
17-->[com.lzy.widget:imagepicker:0.6.1] AndroidManifest.xml:14:5-81
17-->[com.lzy.widget:imagepicker:0.6.1] AndroidManifest.xml:14:22-78
18    <uses-permission android:name="android.permission.READ_EXTERNAL_STORAGE" />
18-->[com.lzy.widget:imagepicker:0.6.1] AndroidManifest.xml:16:5-80
18-->[com.lzy.widget:imagepicker:0.6.1] AndroidManifest.xml:16:22-77
19
20    <application
20-->src/main/AndroidManifest.xml:10:5-62:19
21        android:allowBackup="true"
21-->[cn.bmob.android:bmob-sdk:3.7.4] AndroidManifest.xml:12:9-35
22        android:appComponentFactory="android.support.v4.app.CoreComponentFactory"
22-->[com.android.support:support-compat:28.0.0] AndroidManifest.xml:22:18-91
23        android:debuggable="true"
24        android:icon="@mipmap/yd"
24-->src/main/AndroidManifest.xml:11:9-34
25        android:label="@string/app_name"
25-->src/main/AndroidManifest.xml:12:9-41
26        android:supportsRtl="true"
26-->src/main/AndroidManifest.xml:13:9-35
27        android:testOnly="true"
28        android:theme="@style/AppTheme" >
28-->src/main/AndroidManifest.xml:14:9-40
29        <activity
29-->src/main/AndroidManifest.xml:16:9-24:20
30            android:name="com.exp.sign.MainActivity"
30-->src/main/AndroidManifest.xml:17:13-41
31            android:theme="@style/AppTheme3" >
31-->src/main/AndroidManifest.xml:18:13-45
32            <intent-filter>
32-->src/main/AndroidManifest.xml:19:13-23:29
33                <action android:name="android.intent.action.MAIN" />
33-->src/main/AndroidManifest.xml:20:17-69
33-->src/main/AndroidManifest.xml:20:25-66
34
35                <category android:name="android.intent.category.LAUNCHER" />
35-->src/main/AndroidManifest.xml:22:17-77
35-->src/main/AndroidManifest.xml:22:27-74
36            </intent-filter>
37        </activity>
38        <activity
38-->src/main/AndroidManifest.xml:25:9-27:40
39            android:name="com.exp.sign.PersonActivity"
39-->src/main/AndroidManifest.xml:26:13-43
40            android:label="UserInfo" />
40-->src/main/AndroidManifest.xml:27:13-37
41        <activity
41-->src/main/AndroidManifest.xml:28:9-30:43
42            android:name="com.exp.sign.FillInfoActivity"
42-->src/main/AndroidManifest.xml:29:13-45
43            android:label="Modify Info" />
43-->src/main/AndroidManifest.xml:30:13-40
44        <activity
44-->src/main/AndroidManifest.xml:31:9-33:47
45            android:name="com.exp.sign.CPWDActivity"
45-->src/main/AndroidManifest.xml:32:13-41
46            android:label="Modify Password" />
46-->src/main/AndroidManifest.xml:33:13-44
47        <activity
47-->src/main/AndroidManifest.xml:34:9-36:37
48            android:name="com.exp.sign.UsersActivity"
48-->src/main/AndroidManifest.xml:35:13-42
49            android:label="Users" />
49-->src/main/AndroidManifest.xml:36:13-34
50        <activity
50-->src/main/AndroidManifest.xml:37:9-39:40
51            android:name="com.exp.sign.ReceivedActivity"
51-->src/main/AndroidManifest.xml:38:13-45
52            android:label="Received" />
52-->src/main/AndroidManifest.xml:39:13-37
53        <activity
53-->src/main/AndroidManifest.xml:40:9-42:40
54            android:name="com.exp.sign.PartnersActivity"
54-->src/main/AndroidManifest.xml:41:13-45
55            android:label="Partners" />
55-->src/main/AndroidManifest.xml:42:13-37
56        <activity
56-->src/main/AndroidManifest.xml:43:9-45:41
57            android:name="com.exp.sign.ExActivity"
57-->src/main/AndroidManifest.xml:44:13-39
58            android:label="Exercises" />
58-->src/main/AndroidManifest.xml:45:13-38
59        <activity
59-->src/main/AndroidManifest.xml:46:9-48:36
60            android:name="com.exp.sign.XActivity"
60-->src/main/AndroidManifest.xml:47:13-38
61            android:label="Home" />
61-->src/main/AndroidManifest.xml:48:13-33
62        <activity
62-->src/main/AndroidManifest.xml:49:9-51:48
63            android:name="com.exp.sign.RegisterActivity"
63-->src/main/AndroidManifest.xml:50:13-45
64            android:theme="@style/AppTheme3" />
64-->src/main/AndroidManifest.xml:51:13-45
65
66        <meta-data
66-->src/main/AndroidManifest.xml:53:9-55:35
67            android:name="android.max_aspect"
67-->src/main/AndroidManifest.xml:54:13-46
68            android:value="2.5" />
68-->src/main/AndroidManifest.xml:55:13-32
69
70        <provider
70-->src/main/AndroidManifest.xml:57:9-60:54
71            android:name="cn.bmob.v3.util.BmobContentProvider"
71-->src/main/AndroidManifest.xml:58:13-63
72            android:authorities="com.exp.sign.BmobContentProvider" />
72-->src/main/AndroidManifest.xml:59:13-67
73
74        <activity android:name="com.lzy.imagepicker.ui.ImageBaseActivity" />
74-->[com.lzy.widget:imagepicker:0.6.1] AndroidManifest.xml:21:9-77
74-->[com.lzy.widget:imagepicker:0.6.1] AndroidManifest.xml:21:19-74
75        <activity
75-->[com.lzy.widget:imagepicker:0.6.1] AndroidManifest.xml:22:9-25:55
76            android:name="com.lzy.imagepicker.ui.ImageGridActivity"
76-->[com.lzy.widget:imagepicker:0.6.1] AndroidManifest.xml:23:13-68
77            android:configChanges="orientation|screenSize"
77-->[com.lzy.widget:imagepicker:0.6.1] AndroidManifest.xml:24:13-59
78            android:theme="@style/ImagePickerTheme" />
78-->[com.lzy.widget:imagepicker:0.6.1] AndroidManifest.xml:25:13-52
79        <activity
79-->[com.lzy.widget:imagepicker:0.6.1] AndroidManifest.xml:26:9-30:55
80            android:name="com.lzy.imagepicker.ui.ImageCropActivity"
80-->[com.lzy.widget:imagepicker:0.6.1] AndroidManifest.xml:27:13-68
81            android:configChanges="orientation|screenSize"
81-->[com.lzy.widget:imagepicker:0.6.1] AndroidManifest.xml:28:13-59
82            android:hardwareAccelerated="false"
82-->[com.lzy.widget:imagepicker:0.6.1] AndroidManifest.xml:29:13-48
83            android:theme="@style/ImagePickerTheme" />
83-->[com.lzy.widget:imagepicker:0.6.1] AndroidManifest.xml:30:13-52
84        <activity
84-->[com.lzy.widget:imagepicker:0.6.1] AndroidManifest.xml:31:9-34:65
85            android:name="com.lzy.imagepicker.ui.ImagePreviewActivity"
85-->[com.lzy.widget:imagepicker:0.6.1] AndroidManifest.xml:32:13-71
86            android:configChanges="orientation|screenSize"
86-->[com.lzy.widget:imagepicker:0.6.1] AndroidManifest.xml:33:13-59
87            android:theme="@style/ImagePickerThemeFullScreen" />
87-->[com.lzy.widget:imagepicker:0.6.1] AndroidManifest.xml:34:13-62
88        <activity
88-->[com.lzy.widget:imagepicker:0.6.1] AndroidManifest.xml:35:9-38:65
89            android:name="com.lzy.imagepicker.ui.ImagePreviewDelActivity"
89-->[com.lzy.widget:imagepicker:0.6.1] AndroidManifest.xml:36:13-74
90            android:configChanges="orientation|screenSize"
90-->[com.lzy.widget:imagepicker:0.6.1] AndroidManifest.xml:37:13-59
91            android:theme="@style/ImagePickerThemeFullScreen" />
91-->[com.lzy.widget:imagepicker:0.6.1] AndroidManifest.xml:38:13-62
92
93        <provider
93-->[com.lzy.widget:imagepicker:0.6.1] AndroidManifest.xml:40:9-48:20
94            android:name="com.lzy.imagepicker.ImagePickerProvider"
94-->[com.lzy.widget:imagepicker:0.6.1] AndroidManifest.xml:41:13-67
95            android:authorities="com.exp.sign.provider"
95-->[com.lzy.widget:imagepicker:0.6.1] AndroidManifest.xml:42:13-60
96            android:exported="false"
96-->[com.lzy.widget:imagepicker:0.6.1] AndroidManifest.xml:43:13-37
97            android:grantUriPermissions="true" >
97-->[com.lzy.widget:imagepicker:0.6.1] AndroidManifest.xml:44:13-47
98            <meta-data
98-->[com.lzy.widget:imagepicker:0.6.1] AndroidManifest.xml:45:13-47:58
99                android:name="android.support.FILE_PROVIDER_PATHS"
99-->[com.lzy.widget:imagepicker:0.6.1] AndroidManifest.xml:46:17-67
100                android:resource="@xml/provider_paths" />
100-->[com.lzy.widget:imagepicker:0.6.1] AndroidManifest.xml:47:17-55
101        </provider>
102
103        <meta-data
103-->[com.lxj:xpermission:1.0.1] AndroidManifest.xml:12:9-14:36
104            android:name="android.notch_support"
104-->[com.lxj:xpermission:1.0.1] AndroidManifest.xml:13:13-49
105            android:value="true" /> <!-- <meta-data android:name="android.max_aspect" android:value="2.4" /> -->
105-->[com.lxj:xpermission:1.0.1] AndroidManifest.xml:14:13-33
106        <!-- PermissonActivity -->
107        <activity
107-->[com.lxj:xpermission:1.0.1] AndroidManifest.xml:17:9-19:75
108            android:name="com.lxj.xpermission.XPermission$PermissionActivity"
108-->[com.lxj:xpermission:1.0.1] AndroidManifest.xml:18:13-78
109            android:theme="@android:style/Theme.Translucent.NoTitleBar" />
109-->[com.lxj:xpermission:1.0.1] AndroidManifest.xml:19:13-72
110    </application>
111
112</manifest>